{"level":"info","message":"Connected to the database successfully","service":"quiz-api","timestamp":"2025-12-04 08:21:31"}
{"level":"info","message":"Quiz API server is running on port 5000 in development mode","service":"quiz-api","timestamp":"2025-12-04 08:21:31"}
{"level":"info","message":"Health check available at http://localhost:5000/health","service":"quiz-api","timestamp":"2025-12-04 08:21:31"}
{"level":"info","message":"SIGINT received, shutting down gracefully","service":"quiz-api","timestamp":"2025-12-04 08:44:18"}
{"level":"info","message":"Connected to the database successfully","service":"quiz-api","timestamp":"2025-12-04 09:03:13"}
{"level":"info","message":"Quiz API server is running on port 5000 in development mode","service":"quiz-api","timestamp":"2025-12-04 09:03:13"}
{"level":"info","message":"Health check available at http://localhost:5000/health","service":"quiz-api","timestamp":"2025-12-04 09:03:13"}
{"level":"info","message":"SIGINT received, shutting down gracefully","service":"quiz-api","timestamp":"2025-12-04 09:11:51"}
{"level":"info","message":"Connected to the database successfully","service":"quiz-api","timestamp":"2025-12-04 09:35:12"}
{"level":"info","message":"Quiz API server is running on port 5000 in development mode","service":"quiz-api","timestamp":"2025-12-04 09:35:12"}
{"level":"info","message":"Health check available at http://localhost:5000/health","service":"quiz-api","timestamp":"2025-12-04 09:35:12"}
{"level":"info","message":"SIGINT received, shutting down gracefully","service":"quiz-api","timestamp":"2025-12-04 09:38:12"}
{"level":"info","message":"Connected to the database successfully","service":"quiz-api","timestamp":"2025-12-04 11:57:24"}
{"level":"info","message":"Quiz API server is running on port 5000 in development mode","service":"quiz-api","timestamp":"2025-12-04 11:57:24"}
{"level":"info","message":"Health check available at http://localhost:5000/health","service":"quiz-api","timestamp":"2025-12-04 11:57:24"}
{"level":"error","message":"Update user profile error: Must supply api_key","service":"quiz-api","stack":"Error: Must supply api_key\n    at ensureOption (C:\\PH-Level-2-Projects\\quiz-server\\node_modules\\cloudinary\\lib\\utils\\ensureOption.js:19:13)\n    at Object.sign_request (C:\\PH-Level-2-Projects\\quiz-server\\node_modules\\cloudinary\\lib\\utils\\index.js:1151:16)\n    at Object.process_request_params (C:\\PH-Level-2-Projects\\quiz-server\\node_modules\\cloudinary\\lib\\utils\\index.js:1203:22)\n    at call_api (C:\\PH-Level-2-Projects\\quiz-server\\node_modules\\cloudinary\\lib\\uploader.js:474:18)\n    at Object.upload (C:\\PH-Level-2-Projects\\quiz-server\\node_modules\\cloudinary\\lib\\uploader.js:53:10)\n    at Object.upload_stream (C:\\PH-Level-2-Projects\\quiz-server\\node_modules\\cloudinary\\lib\\uploader.js:40:18)\n    at Object.upload_stream (C:\\PH-Level-2-Projects\\quiz-server\\node_modules\\cloudinary\\lib\\utils\\index.js:1402:21)\n    at C:\\PH-Level-2-Projects\\quiz-server\\utils\\fileUploader.ts:36:46\n    at new Promise (<anonymous>)\n    at Object.uploadToCloudinary (C:\\PH-Level-2-Projects\\quiz-server\\utils\\fileUploader.ts:35:10)","timestamp":"2025-12-04 11:58:58"}
{"level":"info","message":"Connected to the database successfully","service":"quiz-api","timestamp":"2025-12-04 12:06:52"}
{"level":"info","message":"Quiz API server is running on port 5000 in development mode","service":"quiz-api","timestamp":"2025-12-04 12:06:52"}
{"level":"info","message":"Health check available at http://localhost:5000/health","service":"quiz-api","timestamp":"2025-12-04 12:06:52"}
{"level":"error","message":"Update user profile error: Must supply api_key","service":"quiz-api","stack":"Error: Must supply api_key\n    at ensureOption (C:\\PH-Level-2-Projects\\quiz-server\\node_modules\\cloudinary\\lib\\utils\\ensureOption.js:19:13)\n    at Object.sign_request (C:\\PH-Level-2-Projects\\quiz-server\\node_modules\\cloudinary\\lib\\utils\\index.js:1151:16)\n    at Object.process_request_params (C:\\PH-Level-2-Projects\\quiz-server\\node_modules\\cloudinary\\lib\\utils\\index.js:1203:22)\n    at call_api (C:\\PH-Level-2-Projects\\quiz-server\\node_modules\\cloudinary\\lib\\uploader.js:474:18)\n    at Object.upload (C:\\PH-Level-2-Projects\\quiz-server\\node_modules\\cloudinary\\lib\\uploader.js:53:10)\n    at Object.upload_stream (C:\\PH-Level-2-Projects\\quiz-server\\node_modules\\cloudinary\\lib\\uploader.js:40:18)\n    at Object.upload_stream (C:\\PH-Level-2-Projects\\quiz-server\\node_modules\\cloudinary\\lib\\utils\\index.js:1402:21)\n    at C:\\PH-Level-2-Projects\\quiz-server\\utils\\fileUploader.ts:36:46\n    at new Promise (<anonymous>)\n    at Object.uploadToCloudinary (C:\\PH-Level-2-Projects\\quiz-server\\utils\\fileUploader.ts:35:10)","timestamp":"2025-12-04 12:07:22"}
{"ip":"::1","level":"error","message":"Error occurred: Unexpected field","method":"PUT","service":"quiz-api","stack":"MulterError: Unexpected field\n    at wrappedFileFilter (C:\\PH-Level-2-Projects\\quiz-server\\node_modules\\multer\\index.js:40:19)\n    at Multipart.<anonymous> (C:\\PH-Level-2-Projects\\quiz-server\\node_modules\\multer\\lib\\make-middleware.js:109:7)\n    at Multipart.emit (node:events:519:28)\n    at HeaderParser.cb (C:\\PH-Level-2-Projects\\quiz-server\\node_modules\\busboy\\lib\\types\\multipart.js:358:14)\n    at HeaderParser.push (C:\\PH-Level-2-Projects\\quiz-server\\node_modules\\busboy\\lib\\types\\multipart.js:162:20)\n    at SBMH.ssCb [as _cb] (C:\\PH-Level-2-Projects\\quiz-server\\node_modules\\busboy\\lib\\types\\multipart.js:394:37)\n    at feed (C:\\PH-Level-2-Projects\\quiz-server\\node_modules\\streamsearch\\lib\\sbmh.js:219:14)\n    at SBMH.push (C:\\PH-Level-2-Projects\\quiz-server\\node_modules\\streamsearch\\lib\\sbmh.js:104:16)\n    at Multipart._write (C:\\PH-Level-2-Projects\\quiz-server\\node_modules\\busboy\\lib\\types\\multipart.js:567:19)\n    at writeOrBuffer (node:internal/streams/writable:572:12)","timestamp":"2025-12-04 12:08:17","url":"/api/v1/user/me"}
{"level":"info","message":"Connected to the database successfully","service":"quiz-api","timestamp":"2025-12-04 12:08:37"}
{"level":"info","message":"Quiz API server is running on port 5000 in development mode","service":"quiz-api","timestamp":"2025-12-04 12:08:37"}
{"level":"info","message":"Health check available at http://localhost:5000/health","service":"quiz-api","timestamp":"2025-12-04 12:08:37"}
{"level":"error","message":"Update user profile error: Must supply api_key","service":"quiz-api","stack":"Error: Must supply api_key\n    at ensureOption (C:\\PH-Level-2-Projects\\quiz-server\\node_modules\\cloudinary\\lib\\utils\\ensureOption.js:19:13)\n    at Object.sign_request (C:\\PH-Level-2-Projects\\quiz-server\\node_modules\\cloudinary\\lib\\utils\\index.js:1151:16)\n    at Object.process_request_params (C:\\PH-Level-2-Projects\\quiz-server\\node_modules\\cloudinary\\lib\\utils\\index.js:1203:22)\n    at call_api (C:\\PH-Level-2-Projects\\quiz-server\\node_modules\\cloudinary\\lib\\uploader.js:474:18)\n    at Object.upload (C:\\PH-Level-2-Projects\\quiz-server\\node_modules\\cloudinary\\lib\\uploader.js:53:10)\n    at Object.upload_stream (C:\\PH-Level-2-Projects\\quiz-server\\node_modules\\cloudinary\\lib\\uploader.js:40:18)\n    at Object.upload_stream (C:\\PH-Level-2-Projects\\quiz-server\\node_modules\\cloudinary\\lib\\utils\\index.js:1402:21)\n    at C:\\PH-Level-2-Projects\\quiz-server\\utils\\fileUploader.ts:36:46\n    at new Promise (<anonymous>)\n    at Object.uploadToCloudinary (C:\\PH-Level-2-Projects\\quiz-server\\utils\\fileUploader.ts:35:10)","timestamp":"2025-12-04 12:10:35"}
{"level":"info","message":"Connected to the database successfully","service":"quiz-api","timestamp":"2025-12-04 12:19:17"}
{"level":"info","message":"Quiz API server is running on port 5000 in development mode","service":"quiz-api","timestamp":"2025-12-04 12:19:17"}
{"level":"info","message":"Health check available at http://localhost:5000/health","service":"quiz-api","timestamp":"2025-12-04 12:19:17"}
{"http_code":401,"level":"error","message":"Update user profile error: Invalid cloud_name dqigojxkv","name":"Error","service":"quiz-api","timestamp":"2025-12-04 12:25:17"}
{"level":"info","message":"Connected to the database successfully","service":"quiz-api","timestamp":"2025-12-04 12:27:07"}
{"level":"info","message":"Quiz API server is running on port 5000 in development mode","service":"quiz-api","timestamp":"2025-12-04 12:27:07"}
{"level":"info","message":"Health check available at http://localhost:5000/health","service":"quiz-api","timestamp":"2025-12-04 12:27:07"}
{"level":"info","message":"Connected to the database successfully","service":"quiz-api","timestamp":"2025-12-04 12:27:42"}
{"level":"info","message":"Quiz API server is running on port 5000 in development mode","service":"quiz-api","timestamp":"2025-12-04 12:27:42"}
{"level":"info","message":"Health check available at http://localhost:5000/health","service":"quiz-api","timestamp":"2025-12-04 12:27:42"}
{"level":"info","message":"Connected to the database successfully","service":"quiz-api","timestamp":"2025-12-04 12:28:13"}
{"level":"info","message":"Quiz API server is running on port 5000 in development mode","service":"quiz-api","timestamp":"2025-12-04 12:28:13"}
{"level":"info","message":"Health check available at http://localhost:5000/health","service":"quiz-api","timestamp":"2025-12-04 12:28:13"}
{"level":"error","message":"Update user profile error: Must supply api_key","service":"quiz-api","stack":"Error: Must supply api_key\n    at ensureOption (C:\\PH-Level-2-Projects\\quiz-server\\node_modules\\cloudinary\\lib\\utils\\ensureOption.js:19:13)\n    at Object.sign_request (C:\\PH-Level-2-Projects\\quiz-server\\node_modules\\cloudinary\\lib\\utils\\index.js:1151:16)\n    at Object.process_request_params (C:\\PH-Level-2-Projects\\quiz-server\\node_modules\\cloudinary\\lib\\utils\\index.js:1203:22)\n    at call_api (C:\\PH-Level-2-Projects\\quiz-server\\node_modules\\cloudinary\\lib\\uploader.js:474:18)\n    at Object.upload (C:\\PH-Level-2-Projects\\quiz-server\\node_modules\\cloudinary\\lib\\uploader.js:53:10)\n    at Object.upload_stream (C:\\PH-Level-2-Projects\\quiz-server\\node_modules\\cloudinary\\lib\\uploader.js:40:18)\n    at Object.upload_stream (C:\\PH-Level-2-Projects\\quiz-server\\node_modules\\cloudinary\\lib\\utils\\index.js:1402:21)\n    at C:\\PH-Level-2-Projects\\quiz-server\\utils\\fileUploader.ts:36:46\n    at new Promise (<anonymous>)\n    at Object.uploadToCloudinary (C:\\PH-Level-2-Projects\\quiz-server\\utils\\fileUploader.ts:35:10)","timestamp":"2025-12-04 12:28:18"}
{"level":"info","message":"Connected to the database successfully","service":"quiz-api","timestamp":"2025-12-04 12:32:38"}
{"level":"info","message":"Quiz API server is running on port 5000 in development mode","service":"quiz-api","timestamp":"2025-12-04 12:32:38"}
{"level":"info","message":"Health check available at http://localhost:5000/health","service":"quiz-api","timestamp":"2025-12-04 12:32:38"}
{"level":"info","message":"Connected to the database successfully","service":"quiz-api","timestamp":"2025-12-04 12:33:20"}
{"level":"info","message":"Quiz API server is running on port 5000 in development mode","service":"quiz-api","timestamp":"2025-12-04 12:33:20"}
{"level":"info","message":"Health check available at http://localhost:5000/health","service":"quiz-api","timestamp":"2025-12-04 12:33:20"}
{"level":"info","message":"Connected to the database successfully","service":"quiz-api","timestamp":"2025-12-04 12:56:32"}
{"level":"info","message":"Quiz API server is running on port 5000 in development mode","service":"quiz-api","timestamp":"2025-12-04 12:56:32"}
{"level":"info","message":"Health check available at http://localhost:5000/health","service":"quiz-api","timestamp":"2025-12-04 12:56:32"}
{"level":"info","message":"Connected to the database successfully","service":"quiz-api","timestamp":"2025-12-04 12:57:00"}
{"level":"info","message":"Quiz API server is running on port 5000 in development mode","service":"quiz-api","timestamp":"2025-12-04 12:57:00"}
{"level":"info","message":"Health check available at http://localhost:5000/health","service":"quiz-api","timestamp":"2025-12-04 12:57:00"}
{"level":"info","message":"Connected to the database successfully","service":"quiz-api","timestamp":"2025-12-04 12:57:18"}
{"level":"info","message":"Quiz API server is running on port 5000 in development mode","service":"quiz-api","timestamp":"2025-12-04 12:57:18"}
{"level":"info","message":"Health check available at http://localhost:5000/health","service":"quiz-api","timestamp":"2025-12-04 12:57:18"}
{"level":"info","message":"SIGINT received, shutting down gracefully","service":"quiz-api","timestamp":"2025-12-04 13:09:07"}
{"level":"info","message":"Connected to the database successfully","service":"quiz-api","timestamp":"2025-12-04 13:11:34"}
{"level":"info","message":"Quiz API server is running on port 5000 in development mode","service":"quiz-api","timestamp":"2025-12-04 13:11:34"}
{"level":"info","message":"Health check available at http://localhost:5000/health","service":"quiz-api","timestamp":"2025-12-04 13:11:34"}
